2024-09-19 13:24:56,125 DEBUG    root            Loaded Command Group: ['gcloud', 'components']
2024-09-19 13:24:56,127 DEBUG    root            Loaded Command Group: ['gcloud', 'components', 'update']
2024-09-19 13:24:56,130 DEBUG    root            Running [gcloud.components.update] with arguments: [--quiet: "True", COMPONENT-IDS:8: "['gcloud', 'core', 'bq', 'gsutil', 'compute', 'preview', 'alpha', 'beta']"]
2024-09-19 13:24:56,131 INFO     ___FILE_ONLY___ Beginning update. This process may take several minutes.

2024-09-19 13:24:56,141 DEBUG    urllib3.connectionpool Starting new HTTPS connection (1): dl.google.com:443
2024-09-19 13:24:56,277 DEBUG    urllib3.connectionpool https://dl.google.com:443 "GET /dl/cloudsdk/channels/rapid/components-2.json HTTP/1.1" 200 227002
2024-09-19 13:24:56,293 WARNING  root            Component [compute] no longer exists.
2024-09-19 13:24:56,294 WARNING  root            Component [preview] no longer exists.
2024-09-19 13:24:56,294 INFO     ___FILE_ONLY___ 

2024-09-19 13:24:56,295 INFO     ___FILE_ONLY___ 
Your current Google Cloud CLI version is: 493.0.0

2024-09-19 13:24:56,295 INFO     ___FILE_ONLY___ Installing components from version: 493.0.0

2024-09-19 13:24:56,295 INFO     ___FILE_ONLY___ 

2024-09-19 13:24:56,295 DEBUG    root            Chosen display Format:table[box,title="These components will be removed."](details.display_name:label=Name:align=left,version.version_string:label=Version:align=right,data.size.size(zero="",min=1048576):label=Size:align=right)
2024-09-19 13:24:56,296 DEBUG    root            Chosen display Format:table[box,title="These components will be updated."](details.display_name:label=Name:align=left,version.version_string:label=Version:align=right,data.size.size(zero="",min=1048576):label=Size:align=right)
2024-09-19 13:24:56,297 DEBUG    root            Chosen display Format:table[box,title="These components will be installed."](details.display_name:label=Name:align=left,version.version_string:label=Version:align=right,data.size.size(zero="",min=1048576):label=Size:align=right)
2024-09-19 13:24:56,314 INFO     ___FILE_ONLY___ ┌──────────────────────────────────────────────┐
2024-09-19 13:24:56,315 INFO     ___FILE_ONLY___ 

2024-09-19 13:24:56,315 INFO     ___FILE_ONLY___ │     These components will be installed.      │
2024-09-19 13:24:56,315 INFO     ___FILE_ONLY___ 

2024-09-19 13:24:56,315 INFO     ___FILE_ONLY___ ├───────────────────────┬────────────┬─────────┤
2024-09-19 13:24:56,315 INFO     ___FILE_ONLY___ 

2024-09-19 13:24:56,315 INFO     ___FILE_ONLY___ │          Name         │  Version   │   Size  │
2024-09-19 13:24:56,315 INFO     ___FILE_ONLY___ 

2024-09-19 13:24:56,315 INFO     ___FILE_ONLY___ ├───────────────────────┼────────────┼─────────┤
2024-09-19 13:24:56,315 INFO     ___FILE_ONLY___ 

2024-09-19 13:24:56,315 INFO     ___FILE_ONLY___ │ 
2024-09-19 13:24:56,316 INFO     ___FILE_ONLY___ gcloud Alpha Commands
2024-09-19 13:24:56,316 INFO     ___FILE_ONLY___  
2024-09-19 13:24:56,316 INFO     ___FILE_ONLY___ │ 
2024-09-19 13:24:56,316 INFO     ___FILE_ONLY___ 2024.09.13
2024-09-19 13:24:56,316 INFO     ___FILE_ONLY___  
2024-09-19 13:24:56,316 INFO     ___FILE_ONLY___ │ 
2024-09-19 13:24:56,316 INFO     ___FILE_ONLY___ < 1 MiB
2024-09-19 13:24:56,316 INFO     ___FILE_ONLY___  
2024-09-19 13:24:56,316 INFO     ___FILE_ONLY___ │
2024-09-19 13:24:56,316 INFO     ___FILE_ONLY___ 

2024-09-19 13:24:56,316 INFO     ___FILE_ONLY___ │ 
2024-09-19 13:24:56,316 INFO     ___FILE_ONLY___ gcloud Beta Commands 
2024-09-19 13:24:56,316 INFO     ___FILE_ONLY___  
2024-09-19 13:24:56,317 INFO     ___FILE_ONLY___ │ 
2024-09-19 13:24:56,317 INFO     ___FILE_ONLY___ 2024.09.13
2024-09-19 13:24:56,317 INFO     ___FILE_ONLY___  
2024-09-19 13:24:56,317 INFO     ___FILE_ONLY___ │ 
2024-09-19 13:24:56,317 INFO     ___FILE_ONLY___ < 1 MiB
2024-09-19 13:24:56,317 INFO     ___FILE_ONLY___  
2024-09-19 13:24:56,317 INFO     ___FILE_ONLY___ │
2024-09-19 13:24:56,317 INFO     ___FILE_ONLY___ 

2024-09-19 13:24:56,317 INFO     ___FILE_ONLY___ └───────────────────────┴────────────┴─────────┘
2024-09-19 13:24:56,317 INFO     ___FILE_ONLY___ 

2024-09-19 13:24:56,318 INFO     ___FILE_ONLY___ 

2024-09-19 13:24:56,321 DEBUG    urllib3.connectionpool Starting new HTTPS connection (1): dl.google.com:443
2024-09-19 13:24:56,395 DEBUG    urllib3.connectionpool https://dl.google.com:443 "GET /dl/cloudsdk/channels/rapid/RELEASE_NOTES HTTP/1.1" 200 1273145
2024-09-19 13:24:56,432 INFO     ___FILE_ONLY___ For the latest full release notes, please visit:
  https://cloud.google.com/sdk/release_notes


2024-09-19 13:24:56,432 INFO     ___FILE_ONLY___ Performing in place update...


2024-09-19 13:24:56,434 INFO     ___FILE_ONLY___ ╔════════════════════════════════════════════════════════════╗

2024-09-19 13:24:56,434 INFO     ___FILE_ONLY___ ╠═ Downloading: gcloud Alpha Commands                       ═╣

2024-09-19 13:24:56,434 INFO     ___FILE_ONLY___ ╚
2024-09-19 13:24:56,438 DEBUG    urllib3.connectionpool Starting new HTTPS connection (1): dl.google.com:443
2024-09-19 13:24:56,536 DEBUG    urllib3.connectionpool https://dl.google.com:443 "GET /dl/cloudsdk/channels/rapid/components/google-cloud-sdk-alpha-20240913204132.tar.gz HTTP/1.1" 200 800
2024-09-19 13:24:56,537 INFO     ___FILE_ONLY___ ════════════════════════════════════════════════════════════
2024-09-19 13:24:56,537 INFO     ___FILE_ONLY___ ╝

2024-09-19 13:24:56,539 INFO     ___FILE_ONLY___ ╔════════════════════════════════════════════════════════════╗

2024-09-19 13:24:56,539 INFO     ___FILE_ONLY___ ╠═ Downloading: gcloud Beta Commands                        ═╣

2024-09-19 13:24:56,539 INFO     ___FILE_ONLY___ ╚
2024-09-19 13:24:56,543 DEBUG    urllib3.connectionpool Starting new HTTPS connection (1): dl.google.com:443
2024-09-19 13:24:56,677 DEBUG    urllib3.connectionpool https://dl.google.com:443 "GET /dl/cloudsdk/channels/rapid/components/google-cloud-sdk-beta-20240913204132.tar.gz HTTP/1.1" 200 797
2024-09-19 13:24:56,678 INFO     ___FILE_ONLY___ ════════════════════════════════════════════════════════════
2024-09-19 13:24:56,679 INFO     ___FILE_ONLY___ ╝

2024-09-19 13:24:56,681 INFO     ___FILE_ONLY___ ╔════════════════════════════════════════════════════════════╗

2024-09-19 13:24:56,681 INFO     ___FILE_ONLY___ ╠═ Installing: gcloud Alpha Commands                        ═╣

2024-09-19 13:24:56,681 INFO     ___FILE_ONLY___ ╚
2024-09-19 13:24:56,682 INFO     ___FILE_ONLY___ ════════════════════════════════════════════════════════════
2024-09-19 13:24:56,682 INFO     ___FILE_ONLY___ ╝

2024-09-19 13:24:56,690 INFO     ___FILE_ONLY___ ╔════════════════════════════════════════════════════════════╗

2024-09-19 13:24:56,690 INFO     ___FILE_ONLY___ ╠═ Installing: gcloud Beta Commands                         ═╣

2024-09-19 13:24:56,691 INFO     ___FILE_ONLY___ ╚
2024-09-19 13:24:56,692 INFO     ___FILE_ONLY___ ════════════════════════════════════════════════════════════
2024-09-19 13:24:56,692 INFO     ___FILE_ONLY___ ╝

2024-09-19 13:24:56,700 DEBUG    root            Updating notification cache...
2024-09-19 13:24:56,700 INFO     ___FILE_ONLY___ 

2024-09-19 13:24:56,703 INFO     ___FILE_ONLY___ Performing post processing steps...
2024-09-19 13:24:56,703 DEBUG    root            Executing command: ['/tools/google-cloud-sdk/bin/gcloud', 'components', 'post-process']
2024-09-19 13:25:07,643 DEBUG    ___FILE_ONLY___ 
2024-09-19 13:25:07,643 DEBUG    ___FILE_ONLY___ 
2024-09-19 13:25:07,729 INFO     ___FILE_ONLY___ 
Update done!


2024-09-19 13:25:07,733 DEBUG    root            Chosen display Format:none
2024-09-19 13:25:07,734 INFO     root            Display format: "none"
